<?xml version="1.0" encoding="UTF-8"?>
<!-- Generated by org.testng.reporters.JUnitXMLReporter -->
<testsuite ignored="0" hostname="DESKTOP-C3U31TA" failures="0" tests="4" name="Default test" time="141.315" errors="0" timestamp="2024-07-22T19:46:28 IST">
  <testcase classname="runner.MiniProject" name="browserLunch" time="71.974"/>
  <testcase classname="runner.MiniProject" name="productSearch" time="5.547"/>
  <testcase classname="runner.MiniProject" name="productAdd" time="7.519"/>
  <testcase classname="runner.MiniProject" name="productCheckout" time="55.99"/>
</testsuite> <!-- Default test -->
